<?xml version="1.0" encoding="UTF-8"?>
<!-- Generated by org.testng.reporters.JUnitXMLReporter -->
<testsuite hostname="WKWIN1334062" ignored="1" name="Default test" tests="1" failures="0" timestamp="07 Mar 2019 13:36:02 GMT" time="23.692" errors="0">
  <testcase name="ValidLoginToMercury" time="15.061" classname="org.demo.selenium.test.MercuryTest"/>
  <testcase name="InvalidLoginToMercury" time="0.0" classname="org.demo.selenium.test.MercuryTest">
    <ignored/>
  </testcase> <!-- InvalidLoginToMercury -->
</testsuite> <!-- Default test -->
