<?xml version="1.0" encoding="UTF-8"?>
<testng-results skipped="0" failed="0" ignored="0" total="1" passed="1">
  <reporter-output>
  </reporter-output>
  <suite name="My Suite1" duration-ms="21800" started-at="2019-03-07T14:59:11Z" finished-at="2019-03-07T14:59:33Z">
    <groups>
      <group name="cucumber">
        <method signature="AbstractTestNGCucumberTests.feature(cucumber.api.testng.CucumberFeatureWrapper)[pri:0, instance:cucumberOptions.TestRunner@42dafa95]" name="feature" class="cucumber.api.testng.AbstractTestNGCucumberTests"/>
      </group> <!-- cucumber -->
    </groups>
    <test name="My Test1" duration-ms="21800" started-at="2019-03-07T14:59:11Z" finished-at="2019-03-07T14:59:33Z">
      <class name="cucumberOptions.TestRunner">
        <test-method status="PASS" signature="setUpClass()[pri:0, instance:cucumberOptions.TestRunner@42dafa95]" name="setUpClass" is-config="true" duration-ms="210" started-at="2019-03-07T14:59:11Z" finished-at="2019-03-07T14:59:11Z">
          <reporter-output>
          </reporter-output>
        </test-method> <!-- setUpClass -->
        <test-method status="PASS" signature="feature(cucumber.api.testng.CucumberFeatureWrapper)[pri:0, instance:cucumberOptions.TestRunner@42dafa95]" name="feature" duration-ms="21450" started-at="2019-03-07T14:59:11Z" description="Runs Cucumber Feature" data-provider="features" finished-at="2019-03-07T14:59:33Z">
          <params>
            <param index="0">
              <value>
                <![CDATA[Login into Application]]>
              </value>
            </param>
          </params>
          <reporter-output>
          </reporter-output>
        </test-method> <!-- feature -->
        <test-method status="PASS" signature="tearDownClass()[pri:0, instance:cucumberOptions.TestRunner@42dafa95]" name="tearDownClass" is-config="true" duration-ms="70" started-at="2019-03-07T14:59:33Z" finished-at="2019-03-07T14:59:33Z">
          <reporter-output>
          </reporter-output>
        </test-method> <!-- tearDownClass -->
      </class> <!-- cucumberOptions.TestRunner -->
    </test> <!-- My Test1 -->
  </suite> <!-- My Suite1 -->
</testng-results>
